<?xml version="1.0" encoding="UTF-8"?>
<!-- Generated by org.testng.reporters.JUnitReportReporter -->
<testsuite skipped="0" hostname="kamKom" name="Examples.Calculations" tests="6" failures="0" timestamp="2022-07-03T17:22:50 EEST" time="0.037" errors="0">
  <testcase name="Test_04" time="0.002" classname="Examples.Calculations"/>
  <system-out/>
  <testcase name="Test_03" time="0.002" classname="Examples.Calculations"/>
  <system-out/>
  <testcase name="Test_05" time="0.004" classname="Examples.Calculations"/>
  <system-out/>
  <testcase name="Test_01" time="0.024" classname="Examples.Calculations"/>
  <system-out/>
  <testcase name="Test_02" time="0.003" classname="Examples.Calculations"/>
  <system-out/>
  <testcase name="Test_06" time="0.002" classname="Examples.Calculations"/>
  <system-out/>
</testsuite> <!-- Examples.Calculations -->
