<?xml version="1.0" encoding="UTF-8"?>
<!-- Generated by org.testng.reporters.JUnitReportReporter -->
<testsuite skipped="0" hostname="kamKom" name="Demo.Calculations" tests="6" failures="0" timestamp="2022-07-03T17:14:26 EEST" time="0.029" errors="0">
  <testcase name="Test_06" time="0.002" classname="Demo.Calculations"/>
  <system-out/>
  <testcase name="Test_05" time="0.002" classname="Demo.Calculations"/>
  <system-out/>
  <testcase name="Test_03" time="0.003" classname="Demo.Calculations"/>
  <system-out/>
  <testcase name="Test_01" time="0.018" classname="Demo.Calculations"/>
  <system-out/>
  <testcase name="Test_04" time="0.002" classname="Demo.Calculations"/>
  <system-out/>
  <testcase name="Test_02" time="0.002" classname="Demo.Calculations"/>
  <system-out/>
</testsuite> <!-- Demo.Calculations -->
