<?xml version="1.0" encoding="UTF-8"?>
<!-- Generated by org.testng.reporters.JUnitReportReporter -->
<testsuite skipped="0" hostname="kamKom" name="Demo.Strings" tests="1" failures="0" timestamp="2022-07-03T17:14:26 EEST" time="0.002" errors="0">
  <testcase name="Test01" time="0.002" classname="Demo.Strings"/>
  <system-out/>
</testsuite> <!-- Demo.Strings -->
