<?xml version="1.0" encoding="UTF-8"?>
<!-- Generated by org.testng.reporters.JUnitReportReporter -->
<testsuite skipped="0" hostname="kamKom" name="Examples.Strings" tests="4" failures="0" timestamp="2022-07-03T17:22:50 EEST" time="0.012" errors="0">
  <testcase name="Test_01" time="0.002" classname="Examples.Strings"/>
  <system-out/>
  <testcase name="Test_02" time="0.002" classname="Examples.Strings"/>
  <system-out/>
  <testcase name="Test_03" time="0.001" classname="Examples.Strings"/>
  <system-out/>
  <testcase name="Test_04" time="0.007" classname="Examples.Strings"/>
  <system-out/>
</testsuite> <!-- Examples.Strings -->
